<?xml version="1.0" encoding="UTF-8"?>
<testsuite xmlns:xsi="http://www.w3.org/2001/XMLSchema-instance" xsi:noNamespaceSchemaLocation="https://maven.apache.org/surefire/maven-surefire-plugin/xsd/surefire-test-report.xsd" name="TestSuite" time="10.657" tests="1" errors="0" skipped="0" failures="1">
  <properties>
[...]
</properties>
  <testcase name="feature" classname="com.qa.testrunner.TestRunner" time="8.084">
    <failure message="org.openqa.selenium.SessionNotCreatedException: session not created exception: Missing or invalid capabilities&#10;  (Driver info: chromedriver=2.40.565498 (ea082db3280dd6843ebfb08a625e3eb905c4f5ab),platform=Windows NT 6.1.7601 SP1 x86_64) (WARNING: The server did not provide any stacktrace information)&#10;Command duration or timeout: 5.23 seconds&#10;Build info: version: &apos;3.11.0&apos;, revision: &apos;e59cfb3&apos;, time: &apos;2018-03-11T20:26:55.152Z&apos;&#10;System info: host: &apos;ADMIN-PC&apos;, ip: &apos;192.168.133.1&apos;, os.name: &apos;Windows 7&apos;, os.arch: &apos;x86&apos;, os.version: &apos;6.1&apos;, java.version: &apos;1.8.0_231&apos;&#10;Driver info: driver.version: RemoteWebDriver" type="cucumber.runtime.CucumberException">cucumber.runtime.CucumberException: 
org.openqa.selenium.SessionNotCreatedException: session not created exception: Missing or invalid capabilities
  (Driver info: chromedriver=2.40.565498 (ea082db3280dd6843ebfb08a625e3eb905c4f5ab),platform=Windows NT 6.1.7601 SP1 x86_64) (WARNING: The server did not provide any stacktrace information)
Command duration or timeout: 5.23 seconds
Build info: version: '3.11.0', revision: 'e59cfb3', time: '2018-03-11T20:26:55.152Z'
System info: host: 'ADMIN-PC', ip: '192.168.133.1', os.name: 'Windows 7', os.arch: 'x86', os.version: '6.1', java.version: '1.8.0_231'
Driver info: driver.version: RemoteWebDriver
	at com.qa.testrunner.TestRunner.feature(TestRunner.java:42)
Caused by: org.openqa.selenium.SessionNotCreatedException: 
session not created exception: Missing or invalid capabilities
  (Driver info: chromedriver=2.40.565498 (ea082db3280dd6843ebfb08a625e3eb905c4f5ab),platform=Windows NT 6.1.7601 SP1 x86_64) (WARNING: The server did not provide any stacktrace information)
Command duration or timeout: 5.23 seconds
Build info: version: '3.11.0', revision: 'e59cfb3', time: '2018-03-11T20:26:55.152Z'
System info: host: 'ADMIN-PC', ip: '192.168.133.1', os.name: 'Windows 7', os.arch: 'x86', os.version: '6.1', java.version: '1.8.0_231'
Driver info: driver.version: RemoteWebDriver
</failure>
    <system-out><![CDATA[Feature: Free CRM Login Feature
09-21-2020 12:16:51 LoginPageSteps.java INFO  [TestNG-tests-1] stepDefinition.LoginPageSteps 47 - I am at first step
browser name is : chrome

  Scenario: Free CRM Login Test Scenario   # D:/BDDTestNG/src/main/java/com/qa/feature/Login.feature:4
    Given user is already on Login Page    # LoginPageSteps.user_is_already_on_Login_Page()
      org.openqa.selenium.SessionNotCreatedException: session not created exception: Missing or invalid capabilities
        (Driver info: chromedriver=2.40.565498 (ea082db3280dd6843ebfb08a625e3eb905c4f5ab),platform=Windows NT 6.1.7601 SP1 x86_64) (WARNING: The server did not provide any stacktrace information)
      Command duration or timeout: 5.23 seconds
      Build info: version: '3.11.0', revision: 'e59cfb3', time: '2018-03-11T20:26:55.152Z'
      System info: host: 'ADMIN-PC', ip: '192.168.133.1', os.name: 'Windows 7', os.arch: 'x86', os.version: '6.1', java.version: '1.8.0_231'
      Driver info: driver.version: RemoteWebDriver
      	at sun.reflect.NativeConstructorAccessorImpl.newInstance0(Native Method)
      	at sun.reflect.NativeConstructorAccessorImpl.newInstance(Unknown Source)
      	at sun.reflect.DelegatingConstructorAccessorImpl.newInstance(Unknown Source)
      	at java.lang.reflect.Constructor.newInstance(Unknown Source)
      	at org.openqa.selenium.remote.ErrorHandler.createThrowable(ErrorHandler.java:214)
      	at org.openqa.selenium.remote.ErrorHandler.throwIfResponseFailed(ErrorHandler.java:166)
      	at org.openqa.selenium.remote.JsonWireProtocolResponse.lambda$new$0(JsonWireProtocolResponse.java:53)
      	at org.openqa.selenium.remote.JsonWireProtocolResponse.lambda$getResponseFunction$2(JsonWireProtocolResponse.java:91)
      	at org.openqa.selenium.remote.ProtocolHandshake.lambda$createSession$0(ProtocolHandshake.java:123)
      	at java.util.stream.ReferencePipeline$3$1.accept(Unknown Source)
      	at java.util.Spliterators$ArraySpliterator.tryAdvance(Unknown Source)
      	at java.util.stream.ReferencePipeline.forEachWithCancel(Unknown Source)
      	at java.util.stream.AbstractPipeline.copyIntoWithCancel(Unknown Source)
      	at java.util.stream.AbstractPipeline.copyInto(Unknown Source)
      	at java.util.stream.AbstractPipeline.wrapAndCopyInto(Unknown Source)
      	at java.util.stream.FindOps$FindOp.evaluateSequential(Unknown Source)
      	at java.util.stream.AbstractPipeline.evaluate(Unknown Source)
      	at java.util.stream.ReferencePipeline.findFirst(Unknown Source)
      	at org.openqa.selenium.remote.ProtocolHandshake.createSession(ProtocolHandshake.java:126)
      	at org.openqa.selenium.remote.ProtocolHandshake.createSession(ProtocolHandshake.java:73)
      	at org.openqa.selenium.remote.HttpCommandExecutor.execute(HttpCommandExecutor.java:136)
      	at org.openqa.selenium.remote.RemoteWebDriver.execute(RemoteWebDriver.java:545)
      	at org.openqa.selenium.remote.RemoteWebDriver.startSession(RemoteWebDriver.java:209)
      	at org.openqa.selenium.remote.RemoteWebDriver.<init>(RemoteWebDriver.java:132)
      	at org.openqa.selenium.remote.RemoteWebDriver.<init>(RemoteWebDriver.java:145)
      	at com.qa.base.TestBase.initialization(TestBase.java:89)
      	at com.qa.stepDefinition.LoginPageSteps.user_is_already_on_Login_Page(LoginPageSteps.java:48)
      	at ?.Given user is already on Login Page(D:/BDDTestNG/src/main/java/com/qa/feature/Login.feature:6)

    When title of login page is Free CRM   # LoginPageSteps.title_of_login_page_is_Free_CRM()
    And logo of login page is CRMlogo      # LoginPageSteps.logo_of_login_page_is_CRMlogo()
    Then user enters username and password # LoginPageSteps.user_enters_username_and_password()
    Then user is on home page              # LoginPageSteps.user_is_on_home_page()
]]></system-out>
    <system-err><![CDATA[Sep 21, 2020 12:16:52 PM io.github.bonigarcia.wdm.WebDriverManager resolveDriverVersion
INFO: Using chromedriver 85.0.4183.87 (since Chrome 85 is installed in your machine)
Sep 21, 2020 12:16:52 PM io.github.bonigarcia.wdm.WebDriverManager exportDriver
INFO: Exporting webdriver.chrome.driver as C:\Users\Admin\.m2\repository\webdriver\chromedriver\win32\85.0.4183.87\chromedriver.exe
]]></system-err>
  </testcase>
</testsuite>